# JRE version: OpenJDK Runtime Environment (8.0_162-b12) (build 1.8.0_162-8u162-b12-0ubuntu0.17.10.2-b12)
# Java VM: OpenJDK 64-Bit Server VM (25.162-b12 mixed mode linux-amd64 compressed oops)
Heap:
 PSYoungGen      total 395264K, used 78336K [0x00000000d7900000, 0x00000000f8680000, 0x0000000100000000)
  eden space 316928K, 0% used [0x00000000d7900000,0x00000000d7900000,0x00000000eae80000)
  from space 78336K, 100% used [0x00000000f3a00000,0x00000000f8680000,0x00000000f8680000)
  to   space 79872K, 0% used [0x00000000eae80000,0x00000000eae80000,0x00000000efc80000)
 ParOldGen       total 517120K, used 421125K [0x0000000086a00000, 0x00000000a6300000, 0x00000000d7900000)
  object space 517120K, 81% used [0x0000000086a00000,0x00000000a05415b0,0x00000000a6300000)
 Metaspace       used 2714K, capacity 4562K, committed 4864K, reserved 1056768K
  class space    used 282K, capacity 386K, committed 512K, reserved 1048576K
GC Heap History (10 events):
Event: 2,943 GC heap after
Heap after GC invocations=10 (full 1):
 PSYoungGen      total 375808K, used 375780K [0x00000000d7900000, 0x00000000f6200000, 0x0000000100000000)
  eden space 316928K, 100% used [0x00000000d7900000,0x00000000eae80000,0x00000000eae80000)
  from space 58880K, 99% used [0x00000000efc80000,0x00000000f35f92f0,0x00000000f3600000)
  to   space 79872K, 99% used [0x00000000eae80000,0x00000000efc7dc60,0x00000000efc80000)
 ParOldGen       total 159744K, used 158765K [0x0000000086a00000, 0x0000000090600000, 0x00000000d7900000)
  object space 159744K, 99% used [0x0000000086a00000,0x000000009050b6c8,0x0000000090600000)
 Metaspace       used 2714K, capacity 4562K, committed 4864K, reserved 1056768K
  class space    used 282K, capacity 386K, committed 512K, reserved 1048576K
}
Event: 2,943 GC heap before
{Heap before GC invocations=11 (full 2):
 PSYoungGen      total 375808K, used 375780K [0x00000000d7900000, 0x00000000f6200000, 0x0000000100000000)
  eden space 316928K, 100% used [0x00000000d7900000,0x00000000eae80000,0x00000000eae80000)
  from space 58880K, 99% used [0x00000000efc80000,0x00000000f35f92f0,0x00000000f3600000)
  to   space 79872K, 99% used [0x00000000eae80000,0x00000000efc7dc60,0x00000000efc80000)
 ParOldGen       total 159744K, used 158765K [0x0000000086a00000, 0x0000000090600000, 0x00000000d7900000)
  object space 159744K, 99% used [0x0000000086a00000,0x000000009050b6c8,0x0000000090600000)
 Metaspace       used 2714K, capacity 4562K, committed 4864K, reserved 1056768K
  class space    used 282K, capacity 386K, committed 512K, reserved 1048576K
Event: 5,742 GC heap after
Heap after GC invocations=11 (full 2):
 PSYoungGen      total 375808K, used 0K [0x00000000d7900000, 0x00000000f6200000, 0x0000000100000000)
  eden space 316928K, 0% used [0x00000000d7900000,0x00000000d7900000,0x00000000eae80000)
  from space 58880K, 0% used [0x00000000efc80000,0x00000000efc80000,0x00000000f3600000)
  to   space 79872K, 99% used [0x00000000eae80000,0x00000000efc73140,0x00000000efc80000)
 ParOldGen       total 249344K, used 143405K [0x0000000086a00000, 0x0000000095d80000, 0x00000000d7900000)
  object space 249344K, 57% used [0x0000000086a00000,0x000000008f60b468,0x0000000095d80000)
 Metaspace       used 2714K, capacity 4562K, committed 4864K, reserved 1056768K
  class space    used 282K, capacity 386K, committed 512K, reserved 1048576K
}
Event: 6,415 GC heap before
{Heap before GC invocations=12 (full 3):
 PSYoungGen      total 375808K, used 316928K [0x00000000d7900000, 0x00000000f6200000, 0x0000000100000000)
  eden space 316928K, 100% used [0x00000000d7900000,0x00000000eae80000,0x00000000eae80000)
  from space 58880K, 0% used [0x00000000efc80000,0x00000000efc80000,0x00000000f3600000)
  to   space 79872K, 99% used [0x00000000eae80000,0x00000000efc73140,0x00000000efc80000)
 ParOldGen       total 249344K, used 143405K [0x0000000086a00000, 0x0000000095d80000, 0x00000000d7900000)
  object space 249344K, 57% used [0x0000000086a00000,0x000000008f60b468,0x0000000095d80000)
 Metaspace       used 2714K, capacity 4562K, committed 4864K, reserved 1056768K
  class space    used 282K, capacity 386K, committed 512K, reserved 1048576K
Event: 9,427 GC heap after
Heap after GC invocations=12 (full 3):
 PSYoungGen      total 375808K, used 0K [0x00000000d7900000, 0x00000000f6200000, 0x0000000100000000)
  eden space 316928K, 0% used [0x00000000d7900000,0x00000000d7900000,0x00000000eae80000)
  from space 58880K, 0% used [0x00000000efc80000,0x00000000efc80000,0x00000000f3600000)
  to   space 79872K, 44% used [0x00000000eae80000,0x00000000ed173140,0x00000000efc80000)
 ParOldGen       total 385024K, used 249272K [0x0000000086a00000, 0x000000009e200000, 0x00000000d7900000)
  object space 385024K, 64% used [0x0000000086a00000,0x0000000095d6e018,0x000000009e200000)
 Metaspace       used 2714K, capacity 4562K, committed 4864K, reserved 1056768K
  class space    used 282K, capacity 386K, committed 512K, reserved 1048576K
}
Event: 10,191 GC heap before
{Heap before GC invocations=13 (full 4):
 PSYoungGen      total 375808K, used 316928K [0x00000000d7900000, 0x00000000f6200000, 0x0000000100000000)
  eden space 316928K, 100% used [0x00000000d7900000,0x00000000eae80000,0x00000000eae80000)
  from space 58880K, 0% used [0x00000000efc80000,0x00000000efc80000,0x00000000f3600000)
  to   space 79872K, 44% used [0x00000000eae80000,0x00000000ed173140,0x00000000efc80000)
 ParOldGen       total 385024K, used 249272K [0x0000000086a00000, 0x000000009e200000, 0x00000000d7900000)
  object space 385024K, 64% used [0x0000000086a00000,0x0000000095d6e018,0x000000009e200000)
 Metaspace       used 2714K, capacity 4562K, committed 4864K, reserved 1056768K
  class space    used 282K, capacity 386K, committed 512K, reserved 1048576K
Event: 13,592 GC heap after
Heap after GC invocations=13 (full 4):
 PSYoungGen      total 375808K, used 0K [0x00000000d7900000, 0x00000000f6200000, 0x0000000100000000)
  eden space 316928K, 0% used [0x00000000d7900000,0x00000000d7900000,0x00000000eae80000)
  from space 58880K, 0% used [0x00000000efc80000,0x00000000efc80000,0x00000000f3600000)
  to   space 79872K, 0% used [0x00000000eae80000,0x00000000eae80000,0x00000000efc80000)
 ParOldGen       total 517120K, used 337881K [0x0000000086a00000, 0x00000000a6300000, 0x00000000d7900000)
  object space 517120K, 65% used [0x0000000086a00000,0x000000009b3f65e8,0x00000000a6300000)
 Metaspace       used 2714K, capacity 4562K, committed 4864K, reserved 1056768K
  class space    used 282K, capacity 386K, committed 512K, reserved 1048576K
}
Event: 14,816 GC heap before
{Heap before GC invocations=14 (full 4):
 PSYoungGen      total 375808K, used 247125K [0x00000000d7900000, 0x00000000f6200000, 0x0000000100000000)
  eden space 316928K, 77% used [0x00000000d7900000,0x00000000e6a556a0,0x00000000eae80000)
  from space 58880K, 0% used [0x00000000efc80000,0x00000000efc80000,0x00000000f3600000)
  to   space 79872K, 0% used [0x00000000eae80000,0x00000000eae80000,0x00000000efc80000)
 ParOldGen       total 517120K, used 337881K [0x0000000086a00000, 0x00000000a6300000, 0x00000000d7900000)
  object space 517120K, 65% used [0x0000000086a00000,0x000000009b3f65e8,0x00000000a6300000)
 Metaspace       used 2714K, capacity 4562K, committed 4864K, reserved 1056768K
  class space    used 282K, capacity 386K, committed 512K, reserved 1048576K
Event: 15,215 GC heap after
Heap after GC invocations=14 (full 4):
 PSYoungGen      total 396800K, used 41120K [0x00000000d7900000, 0x00000000f8680000, 0x0000000100000000)
  eden space 316928K, 0% used [0x00000000d7900000,0x00000000d7900000,0x00000000eae80000)
  from space 79872K, 51% used [0x00000000eae80000,0x00000000ed6a8000,0x00000000efc80000)
  to   space 78336K, 0% used [0x00000000f3a00000,0x00000000f3a00000,0x00000000f8680000)
 ParOldGen       total 517120K, used 337881K [0x0000000086a00000, 0x00000000a6300000, 0x00000000d7900000)
  object space 517120K, 65% used [0x0000000086a00000,0x000000009b3f65e8,0x00000000a6300000)
 Metaspace       used 2714K, capacity 4562K, committed 4864K, reserved 1056768K
  class space    used 282K, capacity 386K, committed 512K, reserved 1048576K
}
Event: 15,868 GC heap before
{Heap before GC invocations=15 (full 4):
 PSYoungGen      total 396800K, used 358048K [0x00000000d7900000, 0x00000000f8680000, 0x0000000100000000)
  eden space 316928K, 100% used [0x00000000d7900000,0x00000000eae80000,0x00000000eae80000)
  from space 79872K, 51% used [0x00000000eae80000,0x00000000ed6a8000,0x00000000efc80000)
  to   space 78336K, 0% used [0x00000000f3a00000,0x00000000f3a00000,0x00000000f8680000)
 ParOldGen       total 517120K, used 337881K [0x0000000086a00000, 0x00000000a6300000, 0x00000000d7900000)
  object space 517120K, 65% used [0x0000000086a00000,0x000000009b3f65e8,0x00000000a6300000)
 Metaspace       used 2714K, capacity 4562K, committed 4864K, reserved 1056768K
  class space    used 282K, capacity 386K, committed 512K, reserved 1048576K

