# JRE version: OpenJDK Runtime Environment (8.0_162-b12) (build 1.8.0_162-8u162-b12-0ubuntu0.17.10.2-b12)
# Java VM: OpenJDK 64-Bit Server VM (25.162-b12 mixed mode linux-amd64 compressed oops)
Heap:
 PSYoungGen      total 280576K, used 41956K [0x00000000d7900000, 0x00000000ebf00000, 0x0000000100000000)
  eden space 238592K, 0% used [0x00000000d7900000,0x00000000d7900000,0x00000000e6200000)
  from space 41984K, 99% used [0x00000000e6200000,0x00000000e8af92f0,0x00000000e8b00000)
  to   space 30720K, 0% used [0x00000000e8b00000,0x00000000e8b00000,0x00000000ea900000)
 ParOldGen       total 151552K, used 99003K [0x0000000086a00000, 0x000000008fe00000, 0x00000000d7900000)
  object space 151552K, 65% used [0x0000000086a00000,0x000000008caaecd0,0x000000008fe00000)
 Metaspace       used 2715K, capacity 4562K, committed 4864K, reserved 1056768K
  class space    used 282K, capacity 386K, committed 512K, reserved 1048576K
GC Heap History (10 events):
Event: 4,060 GC heap after
Heap after GC invocations=3 (full 0):
 PSYoungGen      total 67584K, used 5117K [0x00000000d7900000, 0x00000000dfd00000, 0x0000000100000000)
  eden space 62464K, 0% used [0x00000000d7900000,0x00000000d7900000,0x00000000db600000)
  from space 5120K, 99% used [0x00000000db600000,0x00000000dbaff568,0x00000000dbb00000)
  to   space 5120K, 0% used [0x00000000df800000,0x00000000df800000,0x00000000dfd00000)
 ParOldGen       total 83456K, used 17552K [0x0000000086a00000, 0x000000008bb80000, 0x00000000d7900000)
  object space 83456K, 21% used [0x0000000086a00000,0x0000000087b24000,0x000000008bb80000)
 Metaspace       used 2708K, capacity 4498K, committed 4864K, reserved 1056768K
  class space    used 282K, capacity 386K, committed 512K, reserved 1048576K
}
Event: 4,259 GC heap before
{Heap before GC invocations=4 (full 0):
 PSYoungGen      total 67584K, used 67581K [0x00000000d7900000, 0x00000000dfd00000, 0x0000000100000000)
  eden space 62464K, 100% used [0x00000000d7900000,0x00000000db600000,0x00000000db600000)
  from space 5120K, 99% used [0x00000000db600000,0x00000000dbaff568,0x00000000dbb00000)
  to   space 5120K, 0% used [0x00000000df800000,0x00000000df800000,0x00000000dfd00000)
 ParOldGen       total 83456K, used 17552K [0x0000000086a00000, 0x000000008bb80000, 0x00000000d7900000)
  object space 83456K, 21% used [0x0000000086a00000,0x0000000087b24000,0x000000008bb80000)
 Metaspace       used 2708K, capacity 4498K, committed 4864K, reserved 1056768K
  class space    used 282K, capacity 386K, committed 512K, reserved 1048576K
Event: 4,336 GC heap after
Heap after GC invocations=4 (full 0):
 PSYoungGen      total 130048K, used 5116K [0x00000000d7900000, 0x00000000dfd00000, 0x0000000100000000)
  eden space 124928K, 0% used [0x00000000d7900000,0x00000000d7900000,0x00000000df300000)
  from space 5120K, 99% used [0x00000000df800000,0x00000000dfcff020,0x00000000dfd00000)
  to   space 5120K, 0% used [0x00000000df300000,0x00000000df300000,0x00000000df800000)
 ParOldGen       total 83456K, used 28664K [0x0000000086a00000, 0x000000008bb80000, 0x00000000d7900000)
  object space 83456K, 34% used [0x0000000086a00000,0x00000000885fe000,0x000000008bb80000)
 Metaspace       used 2708K, capacity 4498K, committed 4864K, reserved 1056768K
  class space    used 282K, capacity 386K, committed 512K, reserved 1048576K
}
Event: 4,637 GC heap before
{Heap before GC invocations=5 (full 0):
 PSYoungGen      total 130048K, used 130044K [0x00000000d7900000, 0x00000000dfd00000, 0x0000000100000000)
  eden space 124928K, 100% used [0x00000000d7900000,0x00000000df300000,0x00000000df300000)
  from space 5120K, 99% used [0x00000000df800000,0x00000000dfcff020,0x00000000dfd00000)
  to   space 5120K, 0% used [0x00000000df300000,0x00000000df300000,0x00000000df800000)
 ParOldGen       total 83456K, used 28664K [0x0000000086a00000, 0x000000008bb80000, 0x00000000d7900000)
  object space 83456K, 34% used [0x0000000086a00000,0x00000000885fe000,0x000000008bb80000)
 Metaspace       used 2708K, capacity 4498K, committed 4864K, reserved 1056768K
  class space    used 282K, capacity 386K, committed 512K, reserved 1048576K
Event: 4,785 GC heap after
Heap after GC invocations=5 (full 0):
 PSYoungGen      total 130048K, used 5104K [0x00000000d7900000, 0x00000000ea900000, 0x0000000100000000)
  eden space 124928K, 0% used [0x00000000d7900000,0x00000000d7900000,0x00000000df300000)
  from space 5120K, 99% used [0x00000000df300000,0x00000000df7fc010,0x00000000df800000)
  to   space 30720K, 0% used [0x00000000e8b00000,0x00000000e8b00000,0x00000000ea900000)
 ParOldGen       total 83456K, used 52539K [0x0000000086a00000, 0x000000008bb80000, 0x00000000d7900000)
  object space 83456K, 62% used [0x0000000086a00000,0x0000000089d4ec08,0x000000008bb80000)
 Metaspace       used 2708K, capacity 4498K, committed 4864K, reserved 1056768K
  class space    used 282K, capacity 386K, committed 512K, reserved 1048576K
}
Event: 5,185 GC heap before
{Heap before GC invocations=6 (full 0):
 PSYoungGen      total 130048K, used 130032K [0x00000000d7900000, 0x00000000ea900000, 0x0000000100000000)
  eden space 124928K, 100% used [0x00000000d7900000,0x00000000df300000,0x00000000df300000)
  from space 5120K, 99% used [0x00000000df300000,0x00000000df7fc010,0x00000000df800000)
  to   space 30720K, 0% used [0x00000000e8b00000,0x00000000e8b00000,0x00000000ea900000)
 ParOldGen       total 83456K, used 52539K [0x0000000086a00000, 0x000000008bb80000, 0x00000000d7900000)
  object space 83456K, 62% used [0x0000000086a00000,0x0000000089d4ec08,0x000000008bb80000)
 Metaspace       used 2715K, capacity 4562K, committed 4864K, reserved 1056768K
  class space    used 282K, capacity 386K, committed 512K, reserved 1048576K
Event: 5,421 GC heap after
Heap after GC invocations=6 (full 0):
 PSYoungGen      total 269312K, used 30696K [0x00000000d7900000, 0x00000000ebf00000, 0x0000000100000000)
  eden space 238592K, 0% used [0x00000000d7900000,0x00000000d7900000,0x00000000e6200000)
  from space 30720K, 99% used [0x00000000e8b00000,0x00000000ea8fa210,0x00000000ea900000)
  to   space 41984K, 0% used [0x00000000e6200000,0x00000000e6200000,0x00000000e8b00000)
 ParOldGen       total 83456K, used 61203K [0x0000000086a00000, 0x000000008bb80000, 0x00000000d7900000)
  object space 83456K, 73% used [0x0000000086a00000,0x000000008a5c4c08,0x000000008bb80000)
 Metaspace       used 2715K, capacity 4562K, committed 4864K, reserved 1056768K
  class space    used 282K, capacity 386K, committed 512K, reserved 1048576K
}
Event: 5,421 GC heap before
{Heap before GC invocations=7 (full 1):
 PSYoungGen      total 269312K, used 30696K [0x00000000d7900000, 0x00000000ebf00000, 0x0000000100000000)
  eden space 238592K, 0% used [0x00000000d7900000,0x00000000d7900000,0x00000000e6200000)
  from space 30720K, 99% used [0x00000000e8b00000,0x00000000ea8fa210,0x00000000ea900000)
  to   space 41984K, 0% used [0x00000000e6200000,0x00000000e6200000,0x00000000e8b00000)
 ParOldGen       total 83456K, used 61203K [0x0000000086a00000, 0x000000008bb80000, 0x00000000d7900000)
  object space 83456K, 73% used [0x0000000086a00000,0x000000008a5c4c08,0x000000008bb80000)
 Metaspace       used 2715K, capacity 4562K, committed 4864K, reserved 1056768K
  class space    used 282K, capacity 386K, committed 512K, reserved 1048576K
Event: 7,527 GC heap after
Heap after GC invocations=7 (full 1):
 PSYoungGen      total 269312K, used 0K [0x00000000d7900000, 0x00000000ebf00000, 0x0000000100000000)
  eden space 238592K, 0% used [0x00000000d7900000,0x00000000d7900000,0x00000000e6200000)
  from space 30720K, 0% used [0x00000000e8b00000,0x00000000e8b00000,0x00000000ea900000)
  to   space 41984K, 0% used [0x00000000e6200000,0x00000000e6200000,0x00000000e8b00000)
 ParOldGen       total 151552K, used 81059K [0x0000000086a00000, 0x000000008fe00000, 0x00000000d7900000)
  object space 151552K, 53% used [0x0000000086a00000,0x000000008b928cd0,0x000000008fe00000)
 Metaspace       used 2715K, capacity 4562K, committed 4864K, reserved 1056768K
  class space    used 282K, capacity 386K, committed 512K, reserved 1048576K
}
Event: 9,074 GC heap before
{Heap before GC invocations=8 (full 1):
 PSYoungGen      total 269312K, used 238592K [0x00000000d7900000, 0x00000000ebf00000, 0x0000000100000000)
  eden space 238592K, 100% used [0x00000000d7900000,0x00000000e6200000,0x00000000e6200000)
  from space 30720K, 0% used [0x00000000e8b00000,0x00000000e8b00000,0x00000000ea900000)
  to   space 41984K, 0% used [0x00000000e6200000,0x00000000e6200000,0x00000000e8b00000)
 ParOldGen       total 151552K, used 81059K [0x0000000086a00000, 0x000000008fe00000, 0x00000000d7900000)
  object space 151552K, 53% used [0x0000000086a00000,0x000000008b928cd0,0x000000008fe00000)
 Metaspace       used 2715K, capacity 4562K, committed 4864K, reserved 1056768K
  class space    used 282K, capacity 386K, committed 512K, reserved 1048576K

